2019-03-29 18:24:38	Visitor IP: ::1
2019-03-29 18:24:38	Lookup by BIN database.
2019-03-29 18:24:38	Country Code: Invalid IP address.
2019-03-29 18:24:38	Country Name: Invalid IP address.
2019-03-29 18:24:38	No redirection rule is matched.

2019-03-29 18:24:38	Country [Invalid IP address.] is listed in [-CA] for redirection.
2019-03-29 18:24:38	Current URL: https://paylidifydev.wpengine.com/
2019-03-29 18:24:38	Redirected To: https://paylidifydev.wpengine.com/us-en/

2019-03-29 18:26:24	Visitor IP: ::1
2019-03-29 18:26:24	Lookup by BIN database.
2019-03-29 18:26:24	Country Code: Invalid IP address.
2019-03-29 18:26:24	Country Name: Invalid IP address.
2019-03-29 18:26:24	No redirection rule is matched.

2019-03-29 18:26:24	Country [Invalid IP address.] is listed in [-CA] for redirection.
2019-03-29 18:26:24	Current URL: https://paylidifydev.wpengine.com/
2019-03-29 18:26:24	Redirected To: https://paylidifydev.wpengine.com/us-en/

2019-03-29 18:27:08	Visitor IP: 127.0.0.1
2019-03-29 18:27:08	Lookup by BIN database.
2019-03-29 18:27:08	Country Code: -
2019-03-29 18:27:08	Country Name: -
2019-03-29 18:27:08	No redirection rule is matched.

2019-03-29 18:27:08	Country [-] is listed in [-CA] for redirection.
2019-03-29 18:27:08	Current URL: https://paylidifydev.wpengine.com/us-en
2019-03-29 18:27:08	No redirection rule is matched.

2019-03-29 18:27:08	No redirection rule is matched.

2019-03-29 18:27:08	No redirection rule is matched.

2019-03-29 18:27:10	Visitor IP: 127.0.0.1
2019-03-29 18:27:10	Lookup by BIN database.
2019-03-29 18:27:10	Country Code: -
2019-03-29 18:27:10	Country Name: -
2019-03-29 18:27:10	No redirection rule is matched.

2019-03-29 18:27:10	Country [-] is listed in [-CA] for redirection.
2019-03-29 18:27:10	Current URL: https://paylidifydev.wpengine.com/wp-content/uploads/elementor/css/post-6.css?ver=1553748017
2019-03-29 18:27:10	No redirection rule is matched.

2019-03-29 18:27:10	No redirection rule is matched.

2019-03-29 18:27:37	Visitor IP: 127.0.0.1
2019-03-29 18:27:37	Lookup by BIN database.
2019-03-29 18:27:37	Country Code: -
2019-03-29 18:27:37	Country Name: -
2019-03-29 18:27:37	No redirection rule is matched.

2019-03-29 18:27:37	Country [-] is listed in [-CA] for redirection.
2019-03-29 18:27:37	Current URL: http://paylidifydev.wpengine.com/us-en
2019-03-29 18:27:37	No redirection rule is matched.

2019-03-29 18:27:37	No redirection rule is matched.

2019-03-29 18:27:37	No redirection rule is matched.

2019-03-29 18:27:39	Visitor IP: 127.0.0.1
2019-03-29 18:27:39	Lookup by BIN database.
2019-03-29 18:27:39	Country Code: -
2019-03-29 18:27:39	Country Name: -
2019-03-29 18:27:39	No redirection rule is matched.

2019-03-29 18:27:39	Country [-] is listed in [-CA] for redirection.
2019-03-29 18:27:39	Current URL: http://paylidifydev.wpengine.com/wp-content/uploads/elementor/css/post-6.css?ver=1553748017
2019-03-29 18:27:39	No redirection rule is matched.

2019-03-29 18:27:39	No redirection rule is matched.

2019-03-29 18:27:39	Visitor IP: 127.0.0.1
2019-03-29 18:27:39	Lookup by BIN database.
2019-03-29 18:27:39	Country Code: -
2019-03-29 18:27:39	Country Name: -
2019-03-29 18:27:39	No redirection rule is matched.

2019-03-29 18:27:39	Country [-] is listed in [-CA] for redirection.
2019-03-29 18:27:39	Current URL: http://paylidifydev.wpengine.com/wp-content/uploads/2019/02/Laura-Hagwell-Mcminnville-Vision-Clinic.jpg
2019-03-29 18:27:39	No redirection rule is matched.

2019-03-29 18:27:39	No redirection rule is matched.

2019-03-29 18:27:39	Visitor IP: 127.0.0.1
2019-03-29 18:27:39	Lookup by BIN database.
2019-03-29 18:27:39	Country Code: -
2019-03-29 18:27:39	Country Name: -
2019-03-29 18:27:39	No redirection rule is matched.

2019-03-29 18:27:39	Country [-] is listed in [-CA] for redirection.
2019-03-29 18:27:39	Current URL: http://paylidifydev.wpengine.com/wp-content/uploads/2019/02/Kris-Little-Winding-River-Resort.jpg
2019-03-29 18:27:39	No redirection rule is matched.

2019-03-29 18:27:39	No redirection rule is matched.

2019-03-29 18:27:40	Visitor IP: 127.0.0.1
2019-03-29 18:27:40	Lookup by BIN database.
2019-03-29 18:27:40	Country Code: -
2019-03-29 18:27:40	Country Name: -
2019-03-29 18:27:40	No redirection rule is matched.

2019-03-29 18:27:40	Country [-] is listed in [-CA] for redirection.
2019-03-29 18:27:40	Current URL: http://paylidifydev.wpengine.com/wp-content/uploads/2019/02/Jon-Kendall-Maw-N-Paw-Kettlekorn.jpg
2019-03-29 18:27:40	No redirection rule is matched.

2019-03-29 18:27:40	No redirection rule is matched.

2019-03-29 18:27:40	Visitor IP: 127.0.0.1
2019-03-29 18:27:40	Lookup by BIN database.
2019-03-29 18:27:40	Country Code: -
2019-03-29 18:27:40	Country Name: -
2019-03-29 18:27:40	No redirection rule is matched.

2019-03-29 18:27:40	Country [-] is listed in [-CA] for redirection.
2019-03-29 18:27:40	Current URL: http://paylidifydev.wpengine.com/wp-content/uploads/2019/02/46.png
2019-03-29 18:27:40	No redirection rule is matched.

2019-03-29 18:27:40	No redirection rule is matched.

2019-03-29 18:27:40	Visitor IP: 127.0.0.1
2019-03-29 18:27:40	Lookup by BIN database.
2019-03-29 18:27:40	Country Code: -
2019-03-29 18:27:40	Country Name: -
2019-03-29 18:27:40	No redirection rule is matched.

2019-03-29 18:27:40	Country [-] is listed in [-CA] for redirection.
2019-03-29 18:27:40	Current URL: http://paylidifydev.wpengine.com/wp-content/uploads/2019/02/Charlotte-Bowhaw-All-Seasons-Rental.jpg
2019-03-29 18:27:40	No redirection rule is matched.

2019-03-29 18:27:40	No redirection rule is matched.

2019-03-29 18:27:40	Visitor IP: 127.0.0.1
2019-03-29 18:27:40	Lookup by BIN database.
2019-03-29 18:27:40	Country Code: -
2019-03-29 18:27:40	Country Name: -
2019-03-29 18:27:40	No redirection rule is matched.

2019-03-29 18:27:40	Country [-] is listed in [-CA] for redirection.
2019-03-29 18:27:40	Current URL: http://paylidifydev.wpengine.com/wp-content/uploads/2019/02/40.png
2019-03-29 18:27:40	No redirection rule is matched.

2019-03-29 18:27:40	No redirection rule is matched.

2019-03-29 18:27:40	Visitor IP: 127.0.0.1
2019-03-29 18:27:40	Lookup by BIN database.
2019-03-29 18:27:40	Country Code: -
2019-03-29 18:27:40	Country Name: -
2019-03-29 18:27:40	No redirection rule is matched.

2019-03-29 18:27:40	Country [-] is listed in [-CA] for redirection.
2019-03-29 18:27:40	Current URL: http://paylidifydev.wpengine.com/wp-content/uploads/2019/02/45.png
2019-03-29 18:27:40	No redirection rule is matched.

2019-03-29 18:27:40	No redirection rule is matched.

2019-03-29 18:27:40	Visitor IP: 127.0.0.1
2019-03-29 18:27:40	Lookup by BIN database.
2019-03-29 18:27:40	Country Code: -
2019-03-29 18:27:40	Country Name: -
2019-03-29 18:27:40	No redirection rule is matched.

2019-03-29 18:27:40	Country [-] is listed in [-CA] for redirection.
2019-03-29 18:27:40	Current URL: http://paylidifydev.wpengine.com/wp-content/uploads/2019/02/47.png
2019-03-29 18:27:40	No redirection rule is matched.

2019-03-29 18:27:40	No redirection rule is matched.

2019-03-29 18:27:41	Visitor IP: 127.0.0.1
2019-03-29 18:27:41	Visitor IP: 127.0.0.1
2019-03-29 18:27:41	Lookup by BIN database.
2019-03-29 18:27:41	Lookup by BIN database.
2019-03-29 18:27:41	Country Code: -
2019-03-29 18:27:41	Country Name: -
2019-03-29 18:27:41	No redirection rule is matched.

2019-03-29 18:27:41	Country Code: -
2019-03-29 18:27:41	Country [-] is listed in [-CA] for redirection.
2019-03-29 18:27:41	Country Name: -
2019-03-29 18:27:41	Current URL: http://paylidifydev.wpengine.com/wp-content/uploads/2019/02/41.png
2019-03-29 18:27:41	No redirection rule is matched.

2019-03-29 18:27:41	Country [-] is listed in [-CA] for redirection.
2019-03-29 18:27:41	No redirection rule is matched.

2019-03-29 18:27:41	Current URL: http://paylidifydev.wpengine.com/wp-content/uploads/2019/02/48.png
2019-03-29 18:27:41	No redirection rule is matched.

2019-03-29 18:27:41	No redirection rule is matched.

2019-03-29 18:27:41	No redirection rule is matched.

2019-03-29 18:27:41	Visitor IP: 127.0.0.1
2019-03-29 18:27:41	Lookup by BIN database.
2019-03-29 18:27:41	Country Code: -
2019-03-29 18:27:41	Country Name: -
2019-03-29 18:27:41	No redirection rule is matched.

2019-03-29 18:27:41	Country [-] is listed in [-CA] for redirection.
2019-03-29 18:27:41	Current URL: http://paylidifydev.wpengine.com/wp-content/uploads/2019/02/49.png
2019-03-29 18:27:41	No redirection rule is matched.

2019-03-29 18:27:41	No redirection rule is matched.

2019-03-29 18:27:42	Visitor IP: 127.0.0.1
2019-03-29 18:27:42	Lookup by BIN database.
2019-03-29 18:27:42	Country Code: -
2019-03-29 18:27:42	Country Name: -
2019-03-29 18:27:42	No redirection rule is matched.

2019-03-29 18:27:42	Country [-] is listed in [-CA] for redirection.
2019-03-29 18:27:42	Current URL: http://paylidifydev.wpengine.com/wp-content/uploads/2019/03/favicon.ico
2019-03-29 18:27:42	No redirection rule is matched.

2019-03-29 18:27:42	No redirection rule is matched.

2019-03-29 18:28:47	Visitor IP: 127.0.0.1
2019-03-29 18:28:47	Lookup by BIN database.
2019-03-29 18:28:47	Country Code: -
2019-03-29 18:28:47	Country Name: -
2019-03-29 18:28:47	No redirection rule is matched.

2019-03-29 18:28:47	Country [-] is listed in [-CA] for redirection.
2019-03-29 18:28:47	Current URL: http://paylidifydev.wpengine.com/wp-content/uploads/elementor/css/post-6.css?ver=1553748017
2019-03-29 18:28:47	No redirection rule is matched.

2019-03-29 18:28:47	No redirection rule is matched.

2019-03-29 18:28:47	Visitor IP: 127.0.0.1
2019-03-29 18:28:47	Visitor IP: 127.0.0.1
2019-03-29 18:28:47	Lookup by BIN database.
2019-03-29 18:28:47	Lookup by BIN database.
2019-03-29 18:28:47	Country Code: -
2019-03-29 18:28:47	Country Name: -
2019-03-29 18:28:47	No redirection rule is matched.

2019-03-29 18:28:47	Country Code: -
2019-03-29 18:28:47	Country [-] is listed in [-CA] for redirection.
2019-03-29 18:28:47	Country Name: -
2019-03-29 18:28:47	Current URL: http://paylidifydev.wpengine.com/wp-content/plugins/elementor/assets/js/frontend-modules.js.map
2019-03-29 18:28:47	No redirection rule is matched.

2019-03-29 18:28:47	No redirection rule is matched.

2019-03-29 18:28:47	Country [-] is listed in [-CA] for redirection.
2019-03-29 18:28:47	No redirection rule is matched.

2019-03-29 18:28:47	Current URL: http://paylidifydev.wpengine.com/wp-content/plugins/elementor/assets/lib/swiper/swiper.min.js.map
2019-03-29 18:28:47	No redirection rule is matched.

2019-03-29 18:28:47	No redirection rule is matched.

2019-03-29 18:30:55	Logged in as administrator. Redirection aborted.

2019-03-29 18:30:55	Logged in as administrator. Redirection aborted.

2019-03-29 18:31:02	Logged in as administrator. Redirection aborted.

2019-03-29 18:31:03	Logged in as administrator. Redirection aborted.

2019-03-29 18:31:09	Logged in as administrator. Redirection aborted.

2019-03-29 18:31:09	Logged in as administrator. Redirection aborted.

2019-03-29 18:31:10	Logged in as administrator. Redirection aborted.

2019-03-29 18:31:10	Logged in as administrator. Redirection aborted.

2019-03-29 18:31:12	Logged in as administrator. Redirection aborted.

2019-03-29 18:31:12	Logged in as administrator. Redirection aborted.

2019-03-29 18:31:12	Logged in as administrator. Redirection aborted.

2019-03-29 18:31:13	Logged in as administrator. Redirection aborted.

2019-03-29 18:31:13	Logged in as administrator. Redirection aborted.

2019-03-29 18:31:13	Logged in as administrator. Redirection aborted.

2019-03-29 18:31:13	Logged in as administrator. Redirection aborted.

2019-03-29 18:31:14	Logged in as administrator. Redirection aborted.

2019-03-29 18:31:15	Logged in as administrator. Redirection aborted.

2019-03-29 18:31:15	Logged in as administrator. Redirection aborted.

2019-03-29 18:31:15	Logged in as administrator. Redirection aborted.

2019-03-29 18:31:16	Logged in as administrator. Redirection aborted.

2019-03-29 18:31:16	Logged in as administrator. Redirection aborted.

2019-03-29 18:31:16	Logged in as administrator. Redirection aborted.

2019-03-29 18:31:17	Logged in as administrator. Redirection aborted.

2019-03-29 18:31:17	Logged in as administrator. Redirection aborted.

2019-03-29 18:48:57	Logged in as administrator. Redirection aborted.

2019-03-29 18:48:59	Logged in as administrator. Redirection aborted.

2019-03-29 18:48:59	Logged in as administrator. Redirection aborted.

2019-03-29 18:48:59	Logged in as administrator. Redirection aborted.

2019-03-29 18:49:00	Logged in as administrator. Redirection aborted.

2019-03-29 18:49:00	Logged in as administrator. Redirection aborted.

2019-03-29 18:49:00	Logged in as administrator. Redirection aborted.

2019-03-29 18:49:00	Logged in as administrator. Redirection aborted.

2019-03-29 18:49:00	Logged in as administrator. Redirection aborted.

2019-03-29 18:49:00	Logged in as administrator. Redirection aborted.

2019-03-29 18:49:01	Logged in as administrator. Redirection aborted.

2019-03-29 18:49:02	Logged in as administrator. Redirection aborted.

2019-03-29 18:49:02	Logged in as administrator. Redirection aborted.

2019-03-29 18:49:02	Logged in as administrator. Redirection aborted.

2019-03-29 18:49:02	Logged in as administrator. Redirection aborted.

2019-03-29 18:49:02	Logged in as administrator. Redirection aborted.

2019-03-29 18:49:03	Logged in as administrator. Redirection aborted.

2019-03-29 18:49:19	Logged in as administrator. Redirection aborted.

2019-03-29 18:49:20	Logged in as administrator. Redirection aborted.

2019-03-29 18:49:20	Logged in as administrator. Redirection aborted.

2019-03-29 18:49:20	Logged in as administrator. Redirection aborted.

2019-03-29 18:49:22	Logged in as administrator. Redirection aborted.

2019-03-29 18:49:22	Logged in as administrator. Redirection aborted.

2019-03-29 18:49:22	Logged in as administrator. Redirection aborted.

2019-03-29 18:49:22	Logged in as administrator. Redirection aborted.

2019-03-29 18:49:22	Logged in as administrator. Redirection aborted.

2019-03-29 18:49:22	Logged in as administrator. Redirection aborted.

2019-03-29 18:49:23	Logged in as administrator. Redirection aborted.

2019-03-29 18:49:23	Logged in as administrator. Redirection aborted.

2019-03-29 18:49:23	Logged in as administrator. Redirection aborted.

2019-03-29 18:49:23	Logged in as administrator. Redirection aborted.

2019-03-29 18:49:23	Logged in as administrator. Redirection aborted.

2019-03-29 18:49:23	Logged in as administrator. Redirection aborted.

2019-03-29 18:49:24	Logged in as administrator. Redirection aborted.

2019-03-29 18:49:30	Logged in as administrator. Redirection aborted.

2019-03-29 18:49:32	Logged in as administrator. Redirection aborted.

2019-03-29 18:49:32	Logged in as administrator. Redirection aborted.

2019-03-29 18:49:32	Logged in as administrator. Redirection aborted.

2019-03-29 18:49:33	Logged in as administrator. Redirection aborted.

2019-03-29 18:49:33	Logged in as administrator. Redirection aborted.

2019-03-29 18:49:33	Logged in as administrator. Redirection aborted.

2019-03-29 18:49:33	Logged in as administrator. Redirection aborted.

2019-03-29 18:49:33	Logged in as administrator. Redirection aborted.

2019-03-29 18:49:33	Logged in as administrator. Redirection aborted.

2019-03-29 18:49:34	Logged in as administrator. Redirection aborted.

2019-03-29 18:49:34	Logged in as administrator. Redirection aborted.

2019-03-29 18:49:34	Logged in as administrator. Redirection aborted.

2019-03-29 18:49:34	Logged in as administrator. Redirection aborted.

2019-03-29 18:49:34	Logged in as administrator. Redirection aborted.

2019-03-29 18:49:34	Logged in as administrator. Redirection aborted.

2019-03-29 18:49:35	Logged in as administrator. Redirection aborted.

2019-03-29 18:49:48	Logged in as administrator. Redirection aborted.

2019-03-29 18:49:50	Logged in as administrator. Redirection aborted.

2019-03-29 18:49:50	Logged in as administrator. Redirection aborted.

2019-03-29 18:49:50	Logged in as administrator. Redirection aborted.

2019-03-29 18:49:51	Logged in as administrator. Redirection aborted.

2019-03-29 18:49:51	Logged in as administrator. Redirection aborted.

2019-03-29 18:49:51	Logged in as administrator. Redirection aborted.

2019-03-29 18:49:51	Logged in as administrator. Redirection aborted.

2019-03-29 18:49:51	Logged in as administrator. Redirection aborted.

2019-03-29 18:49:51	Logged in as administrator. Redirection aborted.

2019-03-29 18:49:53	Logged in as administrator. Redirection aborted.

2019-03-29 18:49:53	Logged in as administrator. Redirection aborted.

2019-03-29 18:49:53	Logged in as administrator. Redirection aborted.

2019-03-29 18:49:53	Logged in as administrator. Redirection aborted.

2019-03-29 18:49:53	Logged in as administrator. Redirection aborted.

2019-03-29 18:49:53	Logged in as administrator. Redirection aborted.

2019-03-29 18:49:56	Logged in as administrator. Redirection aborted.

2019-03-29 18:49:57	Logged in as administrator. Redirection aborted.

2019-03-29 18:49:57	Logged in as administrator. Redirection aborted.

2019-03-29 18:49:57	Logged in as administrator. Redirection aborted.

2019-03-29 18:49:59	Logged in as administrator. Redirection aborted.

2019-03-29 18:49:59	Logged in as administrator. Redirection aborted.

2019-03-29 18:49:59	Logged in as administrator. Redirection aborted.

2019-03-29 18:49:59	Logged in as administrator. Redirection aborted.

2019-03-29 18:49:59	Logged in as administrator. Redirection aborted.

2019-03-29 18:49:59	Logged in as administrator. Redirection aborted.

2019-03-29 18:50:00	Logged in as administrator. Redirection aborted.

2019-03-29 18:50:00	Logged in as administrator. Redirection aborted.

2019-03-29 18:50:01	Logged in as administrator. Redirection aborted.

2019-03-29 18:50:01	Logged in as administrator. Redirection aborted.

2019-03-29 18:50:01	Logged in as administrator. Redirection aborted.

2019-03-29 18:50:01	Logged in as administrator. Redirection aborted.

2019-03-29 18:50:02	Logged in as administrator. Redirection aborted.

2019-03-29 18:50:39	Logged in as administrator. Redirection aborted.

2019-03-29 18:50:41	Logged in as administrator. Redirection aborted.

2019-03-29 18:50:41	Logged in as administrator. Redirection aborted.

2019-03-29 18:50:41	Logged in as administrator. Redirection aborted.

2019-03-29 18:50:42	Logged in as administrator. Redirection aborted.

2019-03-29 18:50:42	Logged in as administrator. Redirection aborted.

2019-03-29 18:50:42	Logged in as administrator. Redirection aborted.

2019-03-29 18:50:42	Logged in as administrator. Redirection aborted.

2019-03-29 18:50:42	Logged in as administrator. Redirection aborted.

2019-03-29 18:50:42	Logged in as administrator. Redirection aborted.

2019-03-29 18:50:43	Logged in as administrator. Redirection aborted.

2019-03-29 18:50:43	Logged in as administrator. Redirection aborted.

2019-03-29 18:50:43	Logged in as administrator. Redirection aborted.

2019-03-29 18:50:43	Logged in as administrator. Redirection aborted.

2019-03-29 18:50:43	Logged in as administrator. Redirection aborted.

2019-03-29 18:50:44	Logged in as administrator. Redirection aborted.

2019-03-29 18:50:45	Logged in as administrator. Redirection aborted.

2019-03-29 18:52:46	Logged in as administrator. Redirection aborted.

2019-03-29 18:52:48	Logged in as administrator. Redirection aborted.

2019-03-29 18:52:48	Logged in as administrator. Redirection aborted.

2019-03-29 18:52:48	Logged in as administrator. Redirection aborted.

2019-03-29 18:52:49	Logged in as administrator. Redirection aborted.

2019-03-29 18:52:49	Logged in as administrator. Redirection aborted.

2019-03-29 18:52:49	Logged in as administrator. Redirection aborted.

2019-03-29 18:52:49	Logged in as administrator. Redirection aborted.

2019-03-29 18:52:49	Logged in as administrator. Redirection aborted.

2019-03-29 18:52:49	Logged in as administrator. Redirection aborted.

2019-03-29 18:52:50	Logged in as administrator. Redirection aborted.

2019-03-29 18:52:50	Logged in as administrator. Redirection aborted.

2019-03-29 18:52:51	Logged in as administrator. Redirection aborted.

2019-03-29 18:52:51	Logged in as administrator. Redirection aborted.

2019-03-29 18:52:51	Logged in as administrator. Redirection aborted.

2019-03-29 18:52:51	Logged in as administrator. Redirection aborted.

2019-03-29 18:52:52	Logged in as administrator. Redirection aborted.

2019-03-29 18:53:07	Logged in as administrator. Redirection aborted.

2019-03-29 18:53:09	Logged in as administrator. Redirection aborted.

2019-03-29 18:53:09	Logged in as administrator. Redirection aborted.

2019-03-29 18:53:09	Logged in as administrator. Redirection aborted.

2019-03-29 18:53:10	Logged in as administrator. Redirection aborted.

2019-03-29 18:53:10	Logged in as administrator. Redirection aborted.

2019-03-29 18:53:10	Logged in as administrator. Redirection aborted.

2019-03-29 18:53:10	Logged in as administrator. Redirection aborted.

2019-03-29 18:53:10	Logged in as administrator. Redirection aborted.

2019-03-29 18:53:10	Logged in as administrator. Redirection aborted.

2019-03-29 18:53:11	Logged in as administrator. Redirection aborted.

2019-03-29 18:53:11	Logged in as administrator. Redirection aborted.

2019-03-29 18:53:11	Logged in as administrator. Redirection aborted.

2019-03-29 18:53:11	Logged in as administrator. Redirection aborted.

2019-03-29 18:53:12	Logged in as administrator. Redirection aborted.

2019-03-29 18:53:12	Logged in as administrator. Redirection aborted.

2019-03-29 18:53:13	Logged in as administrator. Redirection aborted.

2019-03-29 18:54:56	Logged in as administrator. Redirection aborted.

2019-03-29 18:54:58	Logged in as administrator. Redirection aborted.

2019-03-29 18:54:58	Logged in as administrator. Redirection aborted.

2019-03-29 18:54:58	Logged in as administrator. Redirection aborted.

2019-03-29 18:54:59	Logged in as administrator. Redirection aborted.

2019-03-29 18:54:59	Logged in as administrator. Redirection aborted.

2019-03-29 18:54:59	Logged in as administrator. Redirection aborted.

2019-03-29 18:54:59	Logged in as administrator. Redirection aborted.

2019-03-29 18:54:59	Logged in as administrator. Redirection aborted.

2019-03-29 18:54:59	Logged in as administrator. Redirection aborted.

2019-03-29 18:55:00	Logged in as administrator. Redirection aborted.

2019-03-29 18:55:00	Logged in as administrator. Redirection aborted.

2019-03-29 18:55:01	Logged in as administrator. Redirection aborted.

2019-03-29 18:55:01	Logged in as administrator. Redirection aborted.

2019-03-29 18:55:01	Logged in as administrator. Redirection aborted.

2019-03-29 18:55:01	Logged in as administrator. Redirection aborted.

2019-03-29 18:55:02	Logged in as administrator. Redirection aborted.

2019-03-29 18:55:12	Logged in as administrator. Redirection aborted.

2019-03-29 18:55:14	Logged in as administrator. Redirection aborted.

2019-03-29 18:55:14	Logged in as administrator. Redirection aborted.

2019-03-29 18:55:14	Logged in as administrator. Redirection aborted.

2019-03-29 18:55:15	Logged in as administrator. Redirection aborted.

2019-03-29 18:55:15	Logged in as administrator. Redirection aborted.

2019-03-29 18:55:15	Logged in as administrator. Redirection aborted.

2019-03-29 18:55:15	Logged in as administrator. Redirection aborted.

2019-03-29 18:55:15	Logged in as administrator. Redirection aborted.

2019-03-29 18:55:15	Logged in as administrator. Redirection aborted.

2019-03-29 18:55:16	Logged in as administrator. Redirection aborted.

2019-03-29 18:55:17	Logged in as administrator. Redirection aborted.

2019-03-29 18:55:17	Logged in as administrator. Redirection aborted.

2019-03-29 18:55:17	Logged in as administrator. Redirection aborted.

2019-03-29 18:55:17	Logged in as administrator. Redirection aborted.

2019-03-29 18:55:17	Logged in as administrator. Redirection aborted.

2019-03-29 18:55:18	Logged in as administrator. Redirection aborted.

2019-03-29 18:55:49	Logged in as administrator. Redirection aborted.

2019-03-29 18:55:51	Logged in as administrator. Redirection aborted.

2019-03-29 18:55:51	Logged in as administrator. Redirection aborted.

2019-03-29 18:55:51	Logged in as administrator. Redirection aborted.

2019-03-29 18:55:52	Logged in as administrator. Redirection aborted.

2019-03-29 18:55:52	Logged in as administrator. Redirection aborted.

2019-03-29 18:55:52	Logged in as administrator. Redirection aborted.

2019-03-29 18:55:52	Logged in as administrator. Redirection aborted.

2019-03-29 18:55:52	Logged in as administrator. Redirection aborted.

2019-03-29 18:55:52	Logged in as administrator. Redirection aborted.

2019-03-29 18:55:53	Logged in as administrator. Redirection aborted.

2019-03-29 18:55:54	Logged in as administrator. Redirection aborted.

2019-03-29 18:55:54	Logged in as administrator. Redirection aborted.

2019-03-29 18:55:54	Logged in as administrator. Redirection aborted.

2019-03-29 18:55:54	Logged in as administrator. Redirection aborted.

2019-03-29 18:55:54	Logged in as administrator. Redirection aborted.

2019-03-29 18:56:08	Logged in as administrator. Redirection aborted.

2019-03-29 18:58:11	Logged in as administrator. Redirection aborted.

2019-03-29 18:58:13	Logged in as administrator. Redirection aborted.

2019-03-29 18:58:15	Logged in as administrator. Redirection aborted.

2019-03-29 18:58:15	Logged in as administrator. Redirection aborted.

2019-03-29 18:58:15	Logged in as administrator. Redirection aborted.

2019-03-29 18:58:16	Logged in as administrator. Redirection aborted.

2019-03-29 18:58:16	Logged in as administrator. Redirection aborted.

2019-03-29 18:58:16	Logged in as administrator. Redirection aborted.

2019-03-29 18:58:16	Logged in as administrator. Redirection aborted.

2019-03-29 18:58:16	Logged in as administrator. Redirection aborted.

2019-03-29 18:58:16	Logged in as administrator. Redirection aborted.

2019-03-29 18:58:17	Logged in as administrator. Redirection aborted.

2019-03-29 18:58:17	Logged in as administrator. Redirection aborted.

2019-03-29 18:58:18	Logged in as administrator. Redirection aborted.

2019-03-29 18:58:18	Logged in as administrator. Redirection aborted.

2019-03-29 18:58:18	Logged in as administrator. Redirection aborted.

2019-03-29 18:58:18	Logged in as administrator. Redirection aborted.

2019-03-29 18:58:19	Logged in as administrator. Redirection aborted.

2019-03-29 19:00:21	Logged in as administrator. Redirection aborted.

2019-03-29 19:00:23	Logged in as administrator. Redirection aborted.

2019-03-29 19:00:23	Logged in as administrator. Redirection aborted.

2019-03-29 19:00:23	Logged in as administrator. Redirection aborted.

2019-03-29 19:00:24	Logged in as administrator. Redirection aborted.

2019-03-29 19:00:24	Logged in as administrator. Redirection aborted.

2019-03-29 19:00:24	Logged in as administrator. Redirection aborted.

2019-03-29 19:00:24	Logged in as administrator. Redirection aborted.

2019-03-29 19:00:24	Logged in as administrator. Redirection aborted.

2019-03-29 19:00:24	Logged in as administrator. Redirection aborted.

2019-03-29 19:00:25	Logged in as administrator. Redirection aborted.

2019-03-29 19:00:25	Logged in as administrator. Redirection aborted.

2019-03-29 19:00:26	Logged in as administrator. Redirection aborted.

2019-03-29 19:00:26	Logged in as administrator. Redirection aborted.

2019-03-29 19:00:26	Logged in as administrator. Redirection aborted.

2019-03-29 19:00:26	Logged in as administrator. Redirection aborted.

2019-03-29 19:01:22	Logged in as administrator. Redirection aborted.

2019-03-29 19:01:24	Logged in as administrator. Redirection aborted.

2019-03-29 19:01:24	Logged in as administrator. Redirection aborted.

2019-03-29 19:01:24	Logged in as administrator. Redirection aborted.

2019-03-29 19:01:25	Logged in as administrator. Redirection aborted.

2019-03-29 19:01:25	Logged in as administrator. Redirection aborted.

2019-03-29 19:01:25	Logged in as administrator. Redirection aborted.

2019-03-29 19:01:25	Logged in as administrator. Redirection aborted.

2019-03-29 19:01:25	Logged in as administrator. Redirection aborted.

2019-03-29 19:01:25	Logged in as administrator. Redirection aborted.

2019-03-29 19:01:26	Logged in as administrator. Redirection aborted.

2019-03-29 19:01:26	Logged in as administrator. Redirection aborted.

2019-03-29 19:01:26	Logged in as administrator. Redirection aborted.

2019-03-29 19:01:26	Logged in as administrator. Redirection aborted.

2019-03-29 19:01:26	Logged in as administrator. Redirection aborted.

2019-03-29 19:01:27	Logged in as administrator. Redirection aborted.

2019-03-29 19:01:28	Logged in as administrator. Redirection aborted.

2019-03-29 19:02:49	Logged in as administrator. Redirection aborted.

2019-03-29 19:02:50	Logged in as administrator. Redirection aborted.

2019-03-29 19:02:50	Logged in as administrator. Redirection aborted.

2019-03-29 19:02:50	Logged in as administrator. Redirection aborted.

2019-03-29 19:02:51	Logged in as administrator. Redirection aborted.

2019-03-29 19:02:51	Logged in as administrator. Redirection aborted.

2019-03-29 19:02:51	Logged in as administrator. Redirection aborted.

2019-03-29 19:02:51	Logged in as administrator. Redirection aborted.

2019-03-29 19:02:51	Logged in as administrator. Redirection aborted.

2019-03-29 19:02:51	Logged in as administrator. Redirection aborted.

2019-03-29 19:02:53	Logged in as administrator. Redirection aborted.

2019-03-29 19:02:53	Logged in as administrator. Redirection aborted.

2019-03-29 19:02:53	Logged in as administrator. Redirection aborted.

2019-03-29 19:02:53	Logged in as administrator. Redirection aborted.

2019-03-29 19:02:53	Logged in as administrator. Redirection aborted.

2019-03-29 19:02:53	Logged in as administrator. Redirection aborted.

2019-03-29 19:02:54	Logged in as administrator. Redirection aborted.

2019-03-29 19:03:11	Logged in as administrator. Redirection aborted.

2019-03-29 19:03:12	Logged in as administrator. Redirection aborted.

2019-03-29 19:03:13	Logged in as administrator. Redirection aborted.

2019-03-29 19:03:13	Logged in as administrator. Redirection aborted.

2019-03-29 19:03:14	Logged in as administrator. Redirection aborted.

2019-03-29 19:03:14	Logged in as administrator. Redirection aborted.

2019-03-29 19:03:14	Logged in as administrator. Redirection aborted.

2019-03-29 19:03:14	Logged in as administrator. Redirection aborted.

2019-03-29 19:03:14	Logged in as administrator. Redirection aborted.

2019-03-29 19:03:14	Logged in as administrator. Redirection aborted.

2019-03-29 19:03:15	Logged in as administrator. Redirection aborted.

2019-03-29 19:03:15	Logged in as administrator. Redirection aborted.

2019-03-29 19:03:15	Logged in as administrator. Redirection aborted.

2019-03-29 19:03:15	Logged in as administrator. Redirection aborted.

2019-03-29 19:03:15	Logged in as administrator. Redirection aborted.

2019-03-29 19:03:15	Logged in as administrator. Redirection aborted.

2019-03-29 19:03:16	Logged in as administrator. Redirection aborted.

2019-03-29 19:07:17	Logged in as administrator. Redirection aborted.

2019-03-29 19:07:19	Logged in as administrator. Redirection aborted.

2019-03-29 19:07:19	Logged in as administrator. Redirection aborted.

2019-03-29 19:07:21	Logged in as administrator. Redirection aborted.

2019-03-29 19:07:21	Logged in as administrator. Redirection aborted.

2019-03-29 19:07:21	Logged in as administrator. Redirection aborted.

2019-03-29 19:07:21	Logged in as administrator. Redirection aborted.

2019-03-29 19:07:21	Logged in as administrator. Redirection aborted.

2019-03-29 19:07:21	Logged in as administrator. Redirection aborted.

2019-03-29 19:08:29	Logged in as administrator. Redirection aborted.

2019-03-29 19:08:35	Logged in as administrator. Redirection aborted.

2019-03-29 19:08:36	Logged in as administrator. Redirection aborted.

2019-03-29 19:08:37	Logged in as administrator. Redirection aborted.

2019-03-29 19:08:37	Logged in as administrator. Redirection aborted.

2019-03-29 19:08:37	Logged in as administrator. Redirection aborted.

2019-03-29 19:08:38	Logged in as administrator. Redirection aborted.

2019-03-29 19:08:38	Logged in as administrator. Redirection aborted.

2019-03-29 19:08:39	Logged in as administrator. Redirection aborted.

2019-03-29 19:08:39	Logged in as administrator. Redirection aborted.

2019-03-29 19:08:40	Logged in as administrator. Redirection aborted.

2019-03-29 19:08:40	Logged in as administrator. Redirection aborted.

2019-03-29 19:08:40	Logged in as administrator. Redirection aborted.

2019-03-29 19:08:40	Logged in as administrator. Redirection aborted.

2019-03-29 19:08:40	Logged in as administrator. Redirection aborted.

2019-03-29 19:08:40	Logged in as administrator. Redirection aborted.

2019-03-29 19:08:41	Logged in as administrator. Redirection aborted.

2019-03-29 19:08:41	Logged in as administrator. Redirection aborted.

2019-03-29 19:08:41	Logged in as administrator. Redirection aborted.

2019-03-29 19:08:41	Logged in as administrator. Redirection aborted.

2019-03-29 19:11:49	Logged in as administrator. Redirection aborted.

2019-03-29 19:11:50	Logged in as administrator. Redirection aborted.

2019-03-29 19:11:50	Logged in as administrator. Redirection aborted.

2019-03-29 19:11:50	Logged in as administrator. Redirection aborted.

2019-03-29 19:11:50	Logged in as administrator. Redirection aborted.

2019-03-29 19:11:50	Logged in as administrator. Redirection aborted.

2019-03-29 19:11:51	Logged in as administrator. Redirection aborted.

2019-03-29 19:11:52	Logged in as administrator. Redirection aborted.

2019-03-29 19:11:52	Logged in as administrator. Redirection aborted.

2019-03-29 19:11:53	Logged in as administrator. Redirection aborted.

2019-03-29 19:11:56	Logged in as administrator. Redirection aborted.

2019-03-29 19:11:56	Logged in as administrator. Redirection aborted.

2019-03-29 19:11:56	Logged in as administrator. Redirection aborted.

2019-03-29 19:11:56	Logged in as administrator. Redirection aborted.

2019-03-29 19:11:56	Logged in as administrator. Redirection aborted.

2019-03-29 19:11:56	Logged in as administrator. Redirection aborted.

2019-03-29 19:11:58	Logged in as administrator. Redirection aborted.

2019-03-29 19:11:58	Logged in as administrator. Redirection aborted.

2019-03-29 19:11:58	Logged in as administrator. Redirection aborted.

2019-03-29 19:12:08	Logged in as administrator. Redirection aborted.

2019-03-29 19:12:10	Logged in as administrator. Redirection aborted.

2019-03-29 19:12:10	Logged in as administrator. Redirection aborted.

2019-03-29 19:12:10	Logged in as administrator. Redirection aborted.

2019-03-29 19:12:10	Logged in as administrator. Redirection aborted.

2019-03-29 19:12:10	Logged in as administrator. Redirection aborted.

2019-03-29 19:12:10	Logged in as administrator. Redirection aborted.

2019-03-29 19:12:12	Logged in as administrator. Redirection aborted.

2019-03-29 19:12:12	Logged in as administrator. Redirection aborted.

2019-03-29 19:12:12	Logged in as administrator. Redirection aborted.

2019-03-29 19:12:43	Logged in as administrator. Redirection aborted.

2019-03-29 19:12:45	Logged in as administrator. Redirection aborted.

2019-03-29 19:12:45	Logged in as administrator. Redirection aborted.

2019-03-29 19:12:45	Logged in as administrator. Redirection aborted.

2019-03-29 19:12:45	Logged in as administrator. Redirection aborted.

2019-03-29 19:12:45	Logged in as administrator. Redirection aborted.

2019-03-29 19:12:45	Logged in as administrator. Redirection aborted.

2019-03-29 19:12:47	Logged in as administrator. Redirection aborted.

2019-03-29 19:12:47	Logged in as administrator. Redirection aborted.

2019-03-29 19:12:47	Logged in as administrator. Redirection aborted.

2019-03-29 19:12:48	Logged in as administrator. Redirection aborted.

2019-03-29 19:12:48	Logged in as administrator. Redirection aborted.

2019-03-29 19:12:52	Logged in as administrator. Redirection aborted.

2019-03-29 19:12:52	Logged in as administrator. Redirection aborted.

2019-03-29 19:12:52	Logged in as administrator. Redirection aborted.

2019-03-29 19:13:59	Logged in as administrator. Redirection aborted.

2019-03-29 19:14:01	Logged in as administrator. Redirection aborted.

2019-03-29 19:14:02	Logged in as administrator. Redirection aborted.

2019-03-29 19:14:02	Logged in as administrator. Redirection aborted.

2019-03-29 19:14:02	Logged in as administrator. Redirection aborted.

2019-03-29 19:14:02	Logged in as administrator. Redirection aborted.

2019-03-29 19:14:02	Logged in as administrator. Redirection aborted.

2019-03-29 19:14:03	Logged in as administrator. Redirection aborted.

2019-03-29 19:14:03	Logged in as administrator. Redirection aborted.

2019-03-29 19:14:03	Logged in as administrator. Redirection aborted.

2019-03-29 19:14:50	Logged in as administrator. Redirection aborted.

2019-03-29 19:14:52	Logged in as administrator. Redirection aborted.

2019-03-29 19:14:52	Logged in as administrator. Redirection aborted.

2019-03-29 19:14:52	Logged in as administrator. Redirection aborted.

2019-03-29 19:14:52	Logged in as administrator. Redirection aborted.

2019-03-29 19:14:52	Logged in as administrator. Redirection aborted.

2019-03-29 19:14:52	Logged in as administrator. Redirection aborted.

2019-03-29 19:14:54	Logged in as administrator. Redirection aborted.

2019-03-29 19:14:54	Logged in as administrator. Redirection aborted.

2019-03-29 19:14:54	Logged in as administrator. Redirection aborted.

2019-03-29 19:14:56	Logged in as administrator. Redirection aborted.

2019-03-29 19:14:57	Logged in as administrator. Redirection aborted.

2019-03-29 19:14:57	Logged in as administrator. Redirection aborted.

2019-03-29 19:14:59	Logged in as administrator. Redirection aborted.

2019-03-29 19:14:59	Logged in as administrator. Redirection aborted.

2019-03-29 19:14:59	Logged in as administrator. Redirection aborted.

2019-03-29 19:15:00	Logged in as administrator. Redirection aborted.

2019-03-29 19:15:00	Logged in as administrator. Redirection aborted.

2019-03-29 19:15:00	Logged in as administrator. Redirection aborted.

2019-03-29 19:15:00	Logged in as administrator. Redirection aborted.

2019-03-29 19:15:00	Logged in as administrator. Redirection aborted.

2019-03-29 19:15:00	Logged in as administrator. Redirection aborted.

2019-03-29 19:15:01	Logged in as administrator. Redirection aborted.

2019-03-29 19:15:01	Logged in as administrator. Redirection aborted.

2019-03-29 19:15:01	Logged in as administrator. Redirection aborted.

2019-03-29 19:15:01	Logged in as administrator. Redirection aborted.

2019-03-29 19:15:09	Logged in as administrator. Redirection aborted.

2019-03-29 19:15:09	Logged in as administrator. Redirection aborted.

2019-03-29 19:15:09	Logged in as administrator. Redirection aborted.

2019-03-29 19:15:09	Logged in as administrator. Redirection aborted.

2019-03-29 19:15:28	Logged in as administrator. Redirection aborted.

2019-03-29 19:15:30	Logged in as administrator. Redirection aborted.

2019-03-29 19:15:30	Logged in as administrator. Redirection aborted.

2019-03-29 19:15:30	Logged in as administrator. Redirection aborted.

2019-03-29 19:15:30	Logged in as administrator. Redirection aborted.

2019-03-29 19:15:31	Logged in as administrator. Redirection aborted.

2019-03-29 19:15:32	Logged in as administrator. Redirection aborted.

2019-03-29 19:15:32	Logged in as administrator. Redirection aborted.

2019-03-29 19:15:32	Logged in as administrator. Redirection aborted.

2019-03-29 19:15:32	Logged in as administrator. Redirection aborted.

2019-03-29 19:15:32	Logged in as administrator. Redirection aborted.

2019-03-29 19:15:32	Logged in as administrator. Redirection aborted.

2019-03-29 19:15:33	Logged in as administrator. Redirection aborted.

2019-03-29 19:15:34	Logged in as administrator. Redirection aborted.

2019-03-29 19:15:34	Logged in as administrator. Redirection aborted.

2019-03-29 19:15:34	Logged in as administrator. Redirection aborted.

2019-03-29 19:15:34	Logged in as administrator. Redirection aborted.

2019-03-29 19:15:34	Logged in as administrator. Redirection aborted.

2019-03-29 19:15:35	Logged in as administrator. Redirection aborted.

2019-03-29 19:15:35	Logged in as administrator. Redirection aborted.

2019-03-29 19:15:35	Logged in as administrator. Redirection aborted.

2019-03-29 19:15:36	Logged in as administrator. Redirection aborted.

2019-03-29 19:15:36	Logged in as administrator. Redirection aborted.

2019-03-29 19:15:45	Logged in as administrator. Redirection aborted.

2019-03-29 19:15:46	Logged in as administrator. Redirection aborted.

2019-03-29 19:15:46	Logged in as administrator. Redirection aborted.

2019-03-29 19:15:46	Logged in as administrator. Redirection aborted.

2019-03-29 19:15:47	Logged in as administrator. Redirection aborted.

2019-03-29 19:15:47	Logged in as administrator. Redirection aborted.

2019-03-29 19:15:47	Logged in as administrator. Redirection aborted.

2019-03-29 19:15:47	Logged in as administrator. Redirection aborted.

2019-03-29 19:15:47	Logged in as administrator. Redirection aborted.

2019-03-29 19:15:47	Logged in as administrator. Redirection aborted.

2019-03-29 19:15:48	Logged in as administrator. Redirection aborted.

2019-03-29 19:15:48	Logged in as administrator. Redirection aborted.

2019-03-29 19:15:48	Logged in as administrator. Redirection aborted.

2019-03-29 19:15:48	Logged in as administrator. Redirection aborted.

2019-03-29 19:15:48	Logged in as administrator. Redirection aborted.

2019-03-29 19:15:50	Logged in as administrator. Redirection aborted.

2019-03-29 19:15:50	Logged in as administrator. Redirection aborted.

2019-03-29 19:15:50	Logged in as administrator. Redirection aborted.

2019-03-29 19:15:51	Logged in as administrator. Redirection aborted.

2019-03-29 19:15:51	Logged in as administrator. Redirection aborted.

2019-03-29 19:15:51	Logged in as administrator. Redirection aborted.

2019-03-29 19:15:51	Logged in as administrator. Redirection aborted.

2019-03-29 19:15:51	Logged in as administrator. Redirection aborted.

2019-03-29 19:15:51	Logged in as administrator. Redirection aborted.

2019-03-29 19:15:52	Logged in as administrator. Redirection aborted.

2019-03-29 19:15:52	Logged in as administrator. Redirection aborted.

2019-03-29 19:15:52	Logged in as administrator. Redirection aborted.

2019-03-29 19:15:52	Logged in as administrator. Redirection aborted.

2019-03-29 19:16:15	Logged in as administrator. Redirection aborted.

2019-03-29 19:17:00	Logged in as administrator. Redirection aborted.

2019-03-29 19:17:01	Logged in as administrator. Redirection aborted.

2019-03-29 19:17:01	Logged in as administrator. Redirection aborted.

2019-03-29 19:17:01	Logged in as administrator. Redirection aborted.

2019-03-29 19:17:02	Logged in as administrator. Redirection aborted.

2019-03-29 19:17:02	Logged in as administrator. Redirection aborted.

2019-03-29 19:17:02	Logged in as administrator. Redirection aborted.

2019-03-29 19:17:02	Logged in as administrator. Redirection aborted.

2019-03-29 19:17:02	Logged in as administrator. Redirection aborted.

2019-03-29 19:17:02	Logged in as administrator. Redirection aborted.

2019-03-29 19:17:03	Logged in as administrator. Redirection aborted.

2019-03-29 19:17:03	Logged in as administrator. Redirection aborted.

2019-03-29 19:17:03	Logged in as administrator. Redirection aborted.

2019-03-29 19:17:03	Logged in as administrator. Redirection aborted.

2019-03-29 19:18:13	Logged in as administrator. Redirection aborted.

2019-03-29 19:18:15	Logged in as administrator. Redirection aborted.

2019-03-29 19:18:15	Logged in as administrator. Redirection aborted.

2019-03-29 19:18:15	Logged in as administrator. Redirection aborted.

2019-03-29 19:18:15	Logged in as administrator. Redirection aborted.

2019-03-29 19:18:15	Logged in as administrator. Redirection aborted.

2019-03-29 19:18:15	Logged in as administrator. Redirection aborted.

2019-03-29 19:18:16	Logged in as administrator. Redirection aborted.

2019-03-29 19:18:16	Logged in as administrator. Redirection aborted.

2019-03-29 19:18:16	Logged in as administrator. Redirection aborted.

2019-03-29 19:18:17	Logged in as administrator. Redirection aborted.

2019-03-29 19:18:17	Logged in as administrator. Redirection aborted.

2019-03-29 19:18:17	Logged in as administrator. Redirection aborted.

2019-03-29 19:18:17	Logged in as administrator. Redirection aborted.

2019-03-29 19:18:34	Logged in as administrator. Redirection aborted.

2019-03-29 19:18:36	Logged in as administrator. Redirection aborted.

2019-03-29 19:18:36	Logged in as administrator. Redirection aborted.

2019-03-29 19:18:36	Logged in as administrator. Redirection aborted.

2019-03-29 19:18:36	Logged in as administrator. Redirection aborted.

2019-03-29 19:18:36	Logged in as administrator. Redirection aborted.

2019-03-29 19:18:36	Logged in as administrator. Redirection aborted.

2019-03-29 19:18:36	Logged in as administrator. Redirection aborted.

2019-03-29 19:18:36	Logged in as administrator. Redirection aborted.

2019-03-29 19:18:36	Logged in as administrator. Redirection aborted.

2019-03-29 19:18:38	Logged in as administrator. Redirection aborted.

2019-03-29 19:18:38	Logged in as administrator. Redirection aborted.

2019-03-29 19:18:38	Logged in as administrator. Redirection aborted.

2019-03-29 19:18:38	Logged in as administrator. Redirection aborted.

2019-03-29 19:19:27	Logged in as administrator. Redirection aborted.

2019-03-29 19:19:27	Logged in as administrator. Redirection aborted.

2019-03-29 19:19:27	Logged in as administrator. Redirection aborted.

2019-03-29 19:19:27	Logged in as administrator. Redirection aborted.

2019-03-29 19:31:34	Logged in as administrator. Redirection aborted.

2019-03-29 19:31:35	Logged in as administrator. Redirection aborted.

2019-03-29 19:31:35	Logged in as administrator. Redirection aborted.

2019-03-29 19:31:35	Logged in as administrator. Redirection aborted.

2019-03-29 19:31:36	Logged in as administrator. Redirection aborted.

2019-03-29 19:31:36	Logged in as administrator. Redirection aborted.

2019-03-29 19:31:36	Logged in as administrator. Redirection aborted.

2019-03-29 19:31:36	Logged in as administrator. Redirection aborted.

2019-03-29 19:31:36	Logged in as administrator. Redirection aborted.

2019-03-29 19:31:37	Logged in as administrator. Redirection aborted.

2019-03-29 19:31:38	Logged in as administrator. Redirection aborted.

2019-03-29 19:31:38	Logged in as administrator. Redirection aborted.

2019-03-29 19:31:38	Logged in as administrator. Redirection aborted.

2019-03-29 19:31:38	Logged in as administrator. Redirection aborted.

2019-03-29 19:31:38	Logged in as administrator. Redirection aborted.

2019-03-29 19:31:38	Logged in as administrator. Redirection aborted.

2019-03-29 19:31:39	Logged in as administrator. Redirection aborted.

2019-03-29 19:32:01	Logged in as administrator. Redirection aborted.

2019-03-29 19:32:02	Logged in as administrator. Redirection aborted.

2019-03-29 19:32:02	Logged in as administrator. Redirection aborted.

2019-03-29 19:32:02	Logged in as administrator. Redirection aborted.

2019-03-29 19:32:03	Logged in as administrator. Redirection aborted.

2019-03-29 19:32:03	Logged in as administrator. Redirection aborted.

2019-03-29 19:32:03	Logged in as administrator. Redirection aborted.

2019-03-29 19:32:03	Logged in as administrator. Redirection aborted.

2019-03-29 19:32:03	Logged in as administrator. Redirection aborted.

2019-03-29 19:32:04	Logged in as administrator. Redirection aborted.

2019-03-29 19:32:05	Logged in as administrator. Redirection aborted.

2019-03-29 19:32:05	Logged in as administrator. Redirection aborted.

2019-03-29 19:32:05	Logged in as administrator. Redirection aborted.

2019-03-29 19:32:05	Logged in as administrator. Redirection aborted.

2019-03-29 19:32:05	Logged in as administrator. Redirection aborted.

2019-03-29 19:32:05	Logged in as administrator. Redirection aborted.

2019-03-29 19:32:06	Logged in as administrator. Redirection aborted.

2019-03-29 19:32:07	Logged in as administrator. Redirection aborted.

2019-03-29 19:37:36	Logged in as administrator. Redirection aborted.

2019-03-29 19:37:38	Logged in as administrator. Redirection aborted.

2019-03-29 19:37:38	Logged in as administrator. Redirection aborted.

2019-03-29 19:37:38	Logged in as administrator. Redirection aborted.

2019-03-29 19:37:39	Logged in as administrator. Redirection aborted.

2019-03-29 19:37:39	Logged in as administrator. Redirection aborted.

2019-03-29 19:37:40	Logged in as administrator. Redirection aborted.

2019-03-29 19:37:40	Logged in as administrator. Redirection aborted.

2019-03-29 19:37:40	Logged in as administrator. Redirection aborted.

2019-03-29 19:37:40	Logged in as administrator. Redirection aborted.

2019-03-29 19:37:40	Logged in as administrator. Redirection aborted.

2019-03-29 19:37:41	Logged in as administrator. Redirection aborted.

2019-03-29 19:37:41	Logged in as administrator. Redirection aborted.

2019-03-29 19:37:41	Logged in as administrator. Redirection aborted.

2019-03-29 19:37:41	Logged in as administrator. Redirection aborted.

2019-03-29 19:37:41	Logged in as administrator. Redirection aborted.

2019-03-29 19:37:42	Logged in as administrator. Redirection aborted.

2019-03-29 19:37:43	Logged in as administrator. Redirection aborted.

2019-03-29 19:37:44	Logged in as administrator. Redirection aborted.

2019-03-29 19:37:45	Logged in as administrator. Redirection aborted.

2019-03-29 19:37:45	Logged in as administrator. Redirection aborted.

2019-03-29 19:37:45	Logged in as administrator. Redirection aborted.

2019-03-29 19:37:45	Logged in as administrator. Redirection aborted.

2019-03-29 19:37:46	Logged in as administrator. Redirection aborted.

2019-03-29 19:37:46	Logged in as administrator. Redirection aborted.

2019-03-29 19:37:47	Logged in as administrator. Redirection aborted.

2019-03-29 19:37:47	Logged in as administrator. Redirection aborted.

2019-03-29 19:37:47	Logged in as administrator. Redirection aborted.

2019-03-29 19:37:47	Logged in as administrator. Redirection aborted.

2019-03-29 19:37:48	Logged in as administrator. Redirection aborted.

2019-03-29 19:37:48	Logged in as administrator. Redirection aborted.

2019-03-29 19:37:49	Logged in as administrator. Redirection aborted.

2019-03-29 19:37:49	Logged in as administrator. Redirection aborted.

2019-03-29 19:37:49	Logged in as administrator. Redirection aborted.

2019-03-29 19:37:49	Logged in as administrator. Redirection aborted.

2019-03-29 19:37:50	Logged in as administrator. Redirection aborted.

2019-03-29 19:38:58	Logged in as administrator. Redirection aborted.

2019-03-29 19:39:00	Logged in as administrator. Redirection aborted.

2019-03-29 19:39:00	Logged in as administrator. Redirection aborted.

2019-03-29 19:39:00	Logged in as administrator. Redirection aborted.

2019-03-29 19:39:01	Logged in as administrator. Redirection aborted.

2019-03-29 19:39:01	Logged in as administrator. Redirection aborted.

2019-03-29 19:39:02	Logged in as administrator. Redirection aborted.

2019-03-29 19:39:02	Logged in as administrator. Redirection aborted.

2019-03-29 19:39:02	Logged in as administrator. Redirection aborted.

2019-03-29 19:39:02	Logged in as administrator. Redirection aborted.

2019-03-29 19:39:02	Logged in as administrator. Redirection aborted.

2019-03-29 19:39:02	Logged in as administrator. Redirection aborted.

2019-03-29 19:39:03	Logged in as administrator. Redirection aborted.

2019-03-29 19:39:03	Logged in as administrator. Redirection aborted.

2019-03-29 19:39:03	Logged in as administrator. Redirection aborted.

2019-03-29 19:39:03	Logged in as administrator. Redirection aborted.

2019-03-29 19:39:03	Logged in as administrator. Redirection aborted.

2019-03-29 19:39:53	Logged in as administrator. Redirection aborted.

2019-03-29 19:39:54	Logged in as administrator. Redirection aborted.

2019-03-29 19:39:54	Logged in as administrator. Redirection aborted.

2019-03-29 19:39:54	Logged in as administrator. Redirection aborted.

2019-03-29 19:39:55	Logged in as administrator. Redirection aborted.

2019-03-29 19:39:55	Logged in as administrator. Redirection aborted.

2019-03-29 19:39:56	Logged in as administrator. Redirection aborted.

2019-03-29 19:39:56	Logged in as administrator. Redirection aborted.

2019-03-29 19:39:56	Logged in as administrator. Redirection aborted.

2019-03-29 19:39:56	Logged in as administrator. Redirection aborted.

2019-03-29 19:39:56	Logged in as administrator. Redirection aborted.

2019-03-29 19:39:56	Logged in as administrator. Redirection aborted.

2019-03-29 19:39:58	Logged in as administrator. Redirection aborted.

2019-03-29 19:39:58	Logged in as administrator. Redirection aborted.

2019-03-29 19:39:58	Logged in as administrator. Redirection aborted.

2019-03-29 19:39:58	Logged in as administrator. Redirection aborted.

2019-03-29 19:39:58	Logged in as administrator. Redirection aborted.

2019-03-29 19:39:58	Logged in as administrator. Redirection aborted.

2019-03-29 19:49:55	Logged in as administrator. Redirection aborted.

2019-03-29 19:49:57	Logged in as administrator. Redirection aborted.

2019-03-29 19:49:57	Logged in as administrator. Redirection aborted.

2019-03-29 19:49:57	Logged in as administrator. Redirection aborted.

2019-03-29 19:49:58	Logged in as administrator. Redirection aborted.

2019-03-29 19:49:58	Logged in as administrator. Redirection aborted.

2019-03-29 19:49:58	Logged in as administrator. Redirection aborted.

2019-03-29 19:49:58	Logged in as administrator. Redirection aborted.

2019-03-29 19:49:58	Logged in as administrator. Redirection aborted.

2019-03-29 19:49:58	Logged in as administrator. Redirection aborted.

2019-03-29 19:49:59	Logged in as administrator. Redirection aborted.

2019-03-29 19:50:00	Logged in as administrator. Redirection aborted.

2019-03-29 19:50:00	Logged in as administrator. Redirection aborted.

2019-03-29 19:50:00	Logged in as administrator. Redirection aborted.

2019-03-29 19:50:00	Logged in as administrator. Redirection aborted.

2019-03-29 19:50:00	Logged in as administrator. Redirection aborted.

2019-03-29 19:50:01	Logged in as administrator. Redirection aborted.

2019-03-29 19:53:24	Logged in as administrator. Redirection aborted.

2019-03-29 19:53:25	Logged in as administrator. Redirection aborted.

2019-03-29 19:53:26	Logged in as administrator. Redirection aborted.

2019-03-29 19:53:27	Logged in as administrator. Redirection aborted.

2019-03-29 19:53:27	Logged in as administrator. Redirection aborted.

2019-03-29 19:53:27	Logged in as administrator. Redirection aborted.

2019-03-29 19:53:27	Logged in as administrator. Redirection aborted.

2019-03-29 19:53:27	Logged in as administrator. Redirection aborted.

2019-03-29 19:53:28	Logged in as administrator. Redirection aborted.

2019-03-29 19:53:28	Logged in as administrator. Redirection aborted.

2019-03-29 19:53:28	Logged in as administrator. Redirection aborted.

